<?xml version="1.0" encoding="UTF-8"?>
<!-- Generated by org.testng.reporters.JUnitReportReporter -->
<testsuite skipped="0" hostname="DESKTOP-JR5HN3R" name="com.scripts.Actitime.TestActitimeLogin" tests="1" failures="0" timestamp="16 Sep 2020 20:59:09 GMT" time="3.229" errors="0">
  <testcase name="login" time="3.229" classname="com.scripts.Actitime.TestActitimeLogin"/>
</testsuite> <!-- com.scripts.Actitime.TestActitimeLogin -->
