<?xml version="1.0" encoding="UTF-8"?>
<!-- Generated by org.testng.reporters.JUnitReportReporter -->
<testsuite skipped="0" hostname="DESKTOP-JR5HN3R" name="com.scripts.Actitime.TestActitimeLeaveType" tests="3" failures="0" timestamp="16 Sep 2020 20:59:09 GMT" time="35.327" errors="0">
  <testcase name="deleteleaveType" time="12.332" classname="com.scripts.Actitime.TestActitimeLeaveType"/>
  <testcase name="createleavetype" time="8.359" classname="com.scripts.Actitime.TestActitimeLeaveType"/>
  <testcase name="leavetypeedit" time="14.636" classname="com.scripts.Actitime.TestActitimeLeaveType"/>
</testsuite> <!-- com.scripts.Actitime.TestActitimeLeaveType -->
