<?xml version="1.0" encoding="UTF-8"?>
<!-- Generated by org.testng.reporters.JUnitReportReporter -->
<testsuite skipped="0" hostname="DESKTOP-JR5HN3R" name="com.scripts.Actitime.TestActitimeWorkType" tests="3" failures="0" timestamp="16 Sep 2020 20:59:09 GMT" time="31.312" errors="0">
  <testcase name="worktypedelete" time="12.280" classname="com.scripts.Actitime.TestActitimeWorkType"/>
  <testcase name="worktypeedit" time="10.957" classname="com.scripts.Actitime.TestActitimeWorkType"/>
  <testcase name="creatework" time="8.075" classname="com.scripts.Actitime.TestActitimeWorkType"/>
</testsuite> <!-- com.scripts.Actitime.TestActitimeWorkType -->
