<?xml version="1.0" encoding="UTF-8"?>
<!-- Generated by org.testng.reporters.JUnitReportReporter -->
<testsuite skipped="1" hostname="DESKTOP-JR5HN3R" name="com.scripts.Actitime.TestActitimeCustomer" tests="3" failures="0" timestamp="16 Sep 2020 20:59:09 GMT" time="20.597" errors="0">
  <testcase name="customerdeletion" time="11.583" classname="com.scripts.Actitime.TestActitimeCustomer"/>
  <testcase name="customercreation" time="9.014" classname="com.scripts.Actitime.TestActitimeCustomer"/>
  <testcase name="editcustomer" classname="com.scripts.Actitime.TestActitimeCustomer">
    <skipped/>
  </testcase> <!-- editcustomer -->
</testsuite> <!-- com.scripts.Actitime.TestActitimeCustomer -->
